<?xml version="1.0" encoding="UTF-8"?>
<!-- Generated by org.testng.reporters.JUnitReportReporter -->
<testsuite hostname="MSI" failures="0" tests="2" name="packages.SignInTest" time="25.162" errors="0" timestamp="27 Apr 2024 10:54:58 GMT" skipped="0">
  <testcase classname="packages.SignInTest" name="testSignIn" time="15.464"/>
  <testcase classname="packages.SignInTest" name="testSearch" time="9.698"/>
</testsuite> <!-- packages.SignInTest -->
