<?xml version="1.0" encoding="UTF-8"?>
<!-- Generated by org.testng.reporters.JUnitReportReporter -->
<testsuite hostname="MSI" failures="0" tests="3" name="packages.SignInTest12" time="39.120" errors="0" timestamp="27 Apr 2024 19:54:22 GMT" skipped="0">
  <testcase classname="packages.SignInTest12" name="testSignIn" time="16.522"/>
  <testcase classname="packages.SignInTest12" name="testSearch" time="8.955"/>
  <testcase classname="packages.SignInTest12" name="testAddToCart" time="13.643"/>
</testsuite> <!-- packages.SignInTest12 -->
